<?xml version="1.0" encoding="UTF-8"?>
<!-- Generated by org.testng.reporters.JUnitXMLReporter -->
<testsuite hostname="Durai-PC" name="Default test" tests="5" failures="0" timestamp="28 Feb 2022 10:27:00 GMT" time="9.653" errors="0">
  <testcase name="login" time="0.113" classname="com.flipcart.stepdefenition.Flipcartmob"/>
  <testcase name="search" time="0.902" classname="com.flipcart.stepdefenition.Flipcartmob"/>
  <testcase name="windowhandling" time="1.68" classname="com.flipcart.stepdefenition.Flipcartmob"/>
  <testcase name="ScreenShot" time="0.351" classname="com.flipcart.stepdefenition.Flipcartmob"/>
  <testcase name="ScreenShot" time="0.281" classname="com.flipcart.stepdefenition.Flipcartmob"/>
</testsuite> <!-- Default test -->
